<?xml version="1.0" encoding="UTF-8"?>
<testng-results ignored="0" total="1" passed="1" failed="0" skipped="0">
  <reporter-output>
  </reporter-output>
  <suite started-at="2021-04-01T16:01:33 SAST" name="Default suite" finished-at="2021-04-01T16:01:33 SAST" duration-ms="104">
    <groups>
    </groups>
    <test started-at="2021-04-01T16:01:33 SAST" name="Default test" finished-at="2021-04-01T16:01:33 SAST" duration-ms="104">
      <class name="Java.Polymorphism">
        <test-method signature="mainMethod()[pri:0, instance:Java.Polymorphism@159f197]" started-at="2021-04-01T16:01:33 SAST" name="mainMethod" finished-at="2021-04-01T16:01:33 SAST" duration-ms="20" status="PASS">
          <reporter-output>
          </reporter-output>
        </test-method> <!-- mainMethod -->
      </class> <!-- Java.Polymorphism -->
    </test> <!-- Default test -->
  </suite> <!-- Default suite -->
</testng-results>
